2023-12-11 19:55:29|   0.0|  0.0|INFORM|Current FME version: FME 2023.1.2.0 (20231110 - Build 23641 - WIN64)
2023-12-11 19:55:29|   0.0|  0.0|INFORM|System Time: 20231211185530 UTC
2023-12-11 19:55:29|   0.0|  0.0|INFORM|FME_HOME is 'D:\FME\FME_\'
2023-12-11 19:55:29|   0.0|  0.0|INFORM|FME for March (node locked-crc)
2023-12-11 19:55:29|   0.0|  0.0|INFORM|Serial Number: 0
2023-12-11 19:55:29|   0.0|  0.0|INFORM|Temporary License: 113 days left.
2023-12-11 19:55:29|   0.0|  0.0|INFORM|Machine host name is: PRECISION7520
2023-12-11 19:55:29|   0.0|  0.0|INFORM|OS Locale Name     : pl_PL
2023-12-11 19:55:29|   0.0|  0.0|INFORM|OS Locale Encoding : windows-1250
2023-12-11 19:55:29|   0.0|  0.0|INFORM|Process Encoding   : UTF-8
2023-12-11 19:55:29|   0.0|  0.0|INFORM|FME API version: '4.0 20230426'
2023-12-11 19:55:29|   0.0|  0.0|INFORM|FME Configuration: FME_BASE is 'no'
2023-12-11 19:55:29|   0.0|  0.0|INFORM|FME Configuration: FME_MF_DIR is 'C:\Users\Dell7520\OneDrive\Dokumenty\GitHub\agh_bazydanychprzes\cw8/'
2023-12-11 19:55:29|   0.0|  0.0|INFORM|FME Configuration: FME_MF_NAME is 'tiff_shapefile2filegdb.fmw'
2023-12-11 19:55:29|   0.0|  0.0|INFORM|FME Configuration: FME_PRODUCT_NAME is 'FME(R) 2023.1.2.0'
2023-12-11 19:55:29|   0.0|  0.0|INFORM|Operating System: Microsoft Windows 10 64-bit  (Build 19045)
2023-12-11 19:55:29|   0.0|  0.0|INFORM|FME Platform: WIN64
2023-12-11 19:55:29|   0.0|  0.0|INFORM|System Status: 21.09 GB of disk space available in the FME temporary folder (C:\Users\Dell7520\AppData\Local\Temp\wbrun_1702310668212_13436\fmetmp_10)
2023-12-11 19:55:29|   0.0|  0.0|INFORM|System Status: 15.83 GB of physical memory available
2023-12-11 19:55:29|   0.0|  0.0|INFORM|System Status: 63.33 GB of virtual memory available
2023-12-11 19:55:29|   0.0|  0.0|INFORM|START - ProcessID: 11968, peak process memory usage: 42320 kB, current process memory usage: 42320 kB
2023-12-11 19:55:29|   0.0|  0.0|INFORM|FME Configuration: Command line arguments are `D:\FME\FME_\fme.exe' `C:\Users\Dell7520\OneDrive\Dokumenty\GitHub\agh_bazydanychprzes\cw8\wb-xlate-1702320926930_13436' `LOG_STANDARDOUT' `YES' `LOG_TIMINGS' `YES' `LogCountServerName' `55008' `LOG_STANDARDOUT' `No' `WORKBENCH_LOG_SERVER' `54367'
2023-12-11 19:55:29|   0.0|  0.0|INFORM|FME Configuration: Connection Storage: 'C:\Users\Dell7520\AppData\Roaming\Safe Software\FME\'
2023-12-11 19:55:29|   0.0|  0.0|INFORM|Shared folders for formats are : D:\FME\FME_\datasources;C:\Users\Dell7520\OneDrive\Dokumenty\FME\Formats
2023-12-11 19:55:29|   0.0|  0.0|INFORM|Shared folders for transformers are : C:\Users\Dell7520\AppData\Roaming\Safe Software\FME\Packages\23641-win64\transformers;D:\FME\FME_\transformers;C:\Users\Dell7520\AppData\Roaming\Safe Software\FME\FME Store\Transformers
2023-12-11 19:55:29|   0.0|  0.0|INFORM|Shared folders for coordinate systems are : C:\Users\Dell7520\OneDrive\Dokumenty\FME\CoordinateSystems
2023-12-11 19:55:29|   0.0|  0.0|INFORM|Shared folders for coordinate system exceptions are : C:\Users\Dell7520\OneDrive\Dokumenty\FME\CoordinateSystemExceptions
2023-12-11 19:55:29|   0.0|  0.0|INFORM|Shared folders for coordinate system grid overrides are : C:\Users\Dell7520\OneDrive\Dokumenty\FME\CoordinateSystemGridOverrides
2023-12-11 19:55:29|   0.0|  0.0|INFORM|Shared folders for CS-MAP transformation exceptions are : C:\Users\Dell7520\OneDrive\Dokumenty\FME\CsmapTransformationExceptions
2023-12-11 19:55:29|   0.0|  0.0|INFORM|Shared folders for transformer categories are : C:\Users\Dell7520\OneDrive\Dokumenty\FME\TransformerCategories
2023-12-11 19:55:29|   0.0|  0.0|INFORM|FME Configuration: Reader Keyword is `MULTI_READER'
2023-12-11 19:55:29|   0.0|  0.0|INFORM|FME Configuration: Writer Keyword is `PRIMARY_DEST'
2023-12-11 19:55:29|   0.0|  0.0|INFORM|FME Configuration: Writer Group Definition Keyword is `PRIMARY_DEST_DEF'
2023-12-11 19:55:29|   0.0|  0.0|INFORM|FME Configuration: Reader type is `MULTI_READER'
2023-12-11 19:55:29|   0.0|  0.0|INFORM|FME Configuration: Writer type is `MULTI_WRITER'
2023-12-11 19:55:29|   0.0|  0.0|INFORM|FME Configuration: No destination coordinate system set
2023-12-11 19:55:29|   0.0|  0.0|INFORM|FME Configuration: Current working folder is `C:\Users\Dell7520\OneDrive\Dokumenty\GitHub\agh_bazydanychprzes\cw8'
2023-12-11 19:55:29|   0.0|  0.0|INFORM|FME Configuration: Temporary folder is `C:\Users\Dell7520\AppData\Local\Temp\wbrun_1702310668212_13436\fmetmp_10', set from environment variable `FME_TEMP'
2023-12-11 19:55:29|   0.0|  0.0|INFORM|FME Configuration: Cache folder is 'C:\Users\Dell7520\AppData\Local\Temp'
2023-12-11 19:55:29|   0.0|  0.0|INFORM|FME Configuration: FME_HOME is `D:\FME\FME_\'
2023-12-11 19:55:29|   0.0|  0.0|INFORM|FME Configuration: Start freeing memory when the process exceeds 47.50 GB
2023-12-11 19:55:29|   0.0|  0.0|INFORM|FME Configuration: Stop freeing memory when the process is below 35.62 GB
2023-12-11 19:55:29|   0.0|  0.0|INFORM|Creating writer for format: 
2023-12-11 19:55:29|   0.0|  0.0|INFORM|Creating reader for format: 
2023-12-11 19:55:29|   0.0|  0.0|INFORM|MULTI_READER(MULTI_READER): Will fail with first member reader failure
2023-12-11 19:55:29|   0.0|  0.0|INFORM|Using Multi Reader with keyword `MULTI_READER' to read multiple datasets
2023-12-11 19:55:29|   0.0|  0.0|INFORM|Using MultiWriter with keyword `PRIMARY_DEST' to output data (ID_ATTRIBUTE is `multi_writer_id')
2023-12-11 19:55:29|   0.0|  0.0|INFORM|Writer output will be ordered by value of multi_writer_id
2023-12-11 19:55:29|   0.0|  0.0|INFORM|Loaded module 'LogCount_func' from file 'D:\FME\FME_\plugins/LogCount_func.dll'
2023-12-11 19:55:29|   0.0|  0.0|INFORM|FME API version of module 'LogCount_func' matches current internal version (4.0 20230426)
2023-12-11 19:55:30|   0.0|  0.0|INFORM|Loaded module 'ClipperFactory' from file 'D:\FME\FME_\plugins/ClipperFactory.dll'
2023-12-11 19:55:30|   0.0|  0.0|INFORM|FME API version of module 'ClipperFactory' matches current internal version (4.0 20230426)
2023-12-11 19:55:30|   0.0|  0.0|INFORM|Loaded module 'ResolveRasterPalettes_func' from file 'D:\FME\FME_\plugins/ResolveRasterPalettes_func.dll'
2023-12-11 19:55:30|   0.0|  0.0|INFORM|FME API version of module 'ResolveRasterPalettes_func' matches current internal version (4.0 20230426)
2023-12-11 19:55:30|   0.1|  0.1|INFORM|Emptying factory pipeline
2023-12-11 19:55:30|   0.1|  0.0|STATS |Router and Unexpected Input Remover (RoutingFactory): Tested 0 input feature(s), wrote 0 output feature(s): 0 matched merge filters, 0 were routed to output, 0 could not be routed.
2023-12-11 19:55:30|   0.1|  0.0|STATS |Unwanted Router Input Nuker (TeeFactory): Cloned 0 input feature(s) into 0 output feature(s)
2023-12-11 19:55:30|   0.1|  0.0|STATS |TIFF_TIFF_1 Splitter (TeeFactory): Cloned 0 input feature(s) into 0 output feature(s)
2023-12-11 19:55:30|   0.1|  0.0|STATS |scotland_and_wales_region_SHAPEFILE_1 Splitter (TeeFactory): Cloned 0 input feature(s) into 0 output feature(s)
2023-12-11 19:55:30|   0.3|  0.2|STATS |Restoring 1 feature(s) from FME feature store file `C:\Users\Dell7520\AppData\Local\Temp\wb-cache--mcWnoy\Main_Aggregator -1 20 fo 0 AGGREGATE  0  7701592fada2d928a961a724da3d949865dd1b7b.ffs'
2023-12-11 19:55:30|   0.3|  0.0|STATS |Restoring 56 feature(s) from FME feature store file `C:\Users\Dell7520\AppData\Local\Temp\wb-cache--mcWnoy\Main_TIFF -1 2 -1  0  b4319e647a28fc111f5eedfd84ee95013362ebd4.ffs'
2023-12-11 19:55:35|   4.8|  4.5|INFORM|Clipper (ClipperFactory): Clipping.  Processed 42 candidates so far.
2023-12-11 19:55:36|   6.4|  1.6|STATS |RasterPaletteResolver (TeeFactory): Cloned 4 input feature(s) into 4 output feature(s)
2023-12-11 19:55:36|   6.4|  0.0|STATS |RasterPaletteResolver_Rejector (TestFactory): Tested 4 input feature(s) -- 0 feature(s) passed and 4 feature(s) failed
2023-12-11 19:55:36|   6.4|  0.0|STATS |Destination Feature Type Routing Correlator (RoutingFactory): Tested 4 input feature(s), wrote 4 output feature(s): 0 matched merge filters, 4 were routed to output, 0 could not be routed.
2023-12-11 19:55:36|   6.4|  0.0|STATS |Final Output Nuker (TeeFactory): Cloned 0 input feature(s) into 0 output feature(s)
2023-12-11 19:55:36|   6.4|  0.0|INFORM|MULTI_WRITER: multi_writer_id `2': Started outputting features
2023-12-11 19:55:36|   6.5|  0.1|INFORM|FME Configuration: Using connection values from 'con2' for POSTGIS_RASTER_2
2023-12-11 19:55:36|   6.5|  0.0|INFORM|Creating writer for format: PostGIS Raster
2023-12-11 19:55:36|   6.5|  0.0|INFORM|Trying to find a DYNAMIC plugin for writer named `POSTGIS_RASTER'
2023-12-11 19:55:36|   6.5|  0.0|WARN  |Error prepending 'D:\FME\FME_\plugins' to path environment variable.  The addition may not exist, or on Windows the resulting path may be longer than 2047 characters
2023-12-11 19:55:36|   6.5|  0.0|INFORM|Loaded module 'POSTGIS_RASTER' from file 'D:\FME\FME_\plugins/POSTGIS.dll'
2023-12-11 19:55:36|   6.5|  0.0|INFORM|FME API version of module 'POSTGIS' matches current internal version (4.0 20230426)
2023-12-11 19:55:36|   6.5|  0.0|INFORM|FME Configuration: No destination coordinate system set
2023-12-11 19:55:36|   6.5|  0.0|INFORM|Writer `POSTGIS_RASTER_2' of type `POSTGIS_RASTER' using group definition keyword `POSTGIS_RASTER_2_DEF'
2023-12-11 19:55:36|   6.6|  0.1|INFORM|Opening POSTGIS_RASTER writer for dataset 'cw9'...
2023-12-11 19:55:37|   6.6|  0.0|INFORM|PostGIS client encoding: 'UTF8'
2023-12-11 19:55:37|   6.6|  0.0|INFORM|PostgreSQL 16.0, compiled by Visual C++ build 1935, 64-bit
2023-12-11 19:55:37|   6.6|  0.0|INFORM|3.4 USE_GEOS=1 USE_PROJ=1 USE_STATS=1
2023-12-11 19:55:37|   6.6|  0.0|INFORM|Testing for the existence of table 'public.Exports1'...
2023-12-11 19:55:37|   6.6|  0.0|INFORM|Creating table 'public.Exports1'...
2023-12-11 19:55:37|   6.6|  0.0|INFORM|POSTGIS_RASTER Writer: Creating 'Raster' geometry processor for feature type 'Exports1'
2023-12-11 19:55:37|   6.6|  0.0|INFORM|POSTGIS_RASTER Writer: Creating 'streaming Bulk Copy' feature type processor for feature type 'Exports1'
2023-12-11 19:55:40|   7.5|  0.9|INFORM|Creating 'GIST' index on column  ST_ConvexHull("rast") of table 'public.Exports1'...
2023-12-11 19:55:40|   7.5|  0.0|INFORM|Successfully closed POSTGIS_RASTER database writer
2023-12-11 19:55:40|   7.5|  0.0|INFORM|=-=-=-=-=-=-=-=-=-=-=-=-=-=-=-=-=-=-=-=-=-=-=-=-=-=-=-=-=-=-=-=-=-=-=-=-=-=-=-
2023-12-11 19:55:40|   7.5|  0.0|INFORM|Feature output statistics for `POSTGIS_RASTER' writer using keyword `POSTGIS_RASTER_2':
2023-12-11 19:55:40|   7.5|  0.0|STATS |=-=-=-=-=-=-=-=-=-=-=-=-=-=-=-=-=-=-=-=-=-=-=-=-=-=-=-=-=-=-=-=-=-=-=-=-=-=-=-
2023-12-11 19:55:40|   7.5|  0.0|STATS |                               Features Written
2023-12-11 19:55:40|   7.5|  0.0|STATS |=-=-=-=-=-=-=-=-=-=-=-=-=-=-=-=-=-=-=-=-=-=-=-=-=-=-=-=-=-=-=-=-=-=-=-=-=-=-=-
2023-12-11 19:55:40|   7.5|  0.0|STATS |Exports1                                                                     4
2023-12-11 19:55:40|   7.5|  0.0|STATS |==============================================================================
2023-12-11 19:55:40|   7.5|  0.0|STATS |Total Features Written                                                       4
2023-12-11 19:55:40|   7.5|  0.0|STATS |=-=-=-=-=-=-=-=-=-=-=-=-=-=-=-=-=-=-=-=-=-=-=-=-=-=-=-=-=-=-=-=-=-=-=-=-=-=-=-
2023-12-11 19:55:40|   7.5|  0.0|INFORM|MULTI_WRITER: multi_writer_id `2': done writing 4 feature(s) 
2023-12-11 19:55:40|   7.5|  0.0|INFORM|^^^^^^^^^^^^^^^^^^^^^^^^^^^^^^^^^^^^^^^^^^^^^^^^^^^^^^^^^^^^^^^^^^^^^^^^^^^^^^
2023-12-11 19:55:40|   7.5|  0.0|STATS |=-=-=-=-=-=-=-=-=-=-=-=-=-=-=-=-=-=-=-=-=-=-=-=-=-=-=-=-=-=-=-=-=-=-=-=-=-=-=-
2023-12-11 19:55:40|   7.5|  0.0|STATS |                            Features Read Summary
2023-12-11 19:55:40|   7.5|  0.0|STATS |=-=-=-=-=-=-=-=-=-=-=-=-=-=-=-=-=-=-=-=-=-=-=-=-=-=-=-=-=-=-=-=-=-=-=-=-=-=-=-
2023-12-11 19:55:40|   7.5|  0.0|STATS |==============================================================================
2023-12-11 19:55:40|   7.5|  0.0|STATS |Total Features Read                                                          0
2023-12-11 19:55:40|   7.5|  0.0|STATS |=-=-=-=-=-=-=-=-=-=-=-=-=-=-=-=-=-=-=-=-=-=-=-=-=-=-=-=-=-=-=-=-=-=-=-=-=-=-=-
2023-12-11 19:55:40|   7.5|  0.0|STATS |=-=-=-=-=-=-=-=-=-=-=-=-=-=-=-=-=-=-=-=-=-=-=-=-=-=-=-=-=-=-=-=-=-=-=-=-=-=-=-
2023-12-11 19:55:40|   7.5|  0.0|STATS |                           Features Written Summary
2023-12-11 19:55:40|   7.5|  0.0|STATS |=-=-=-=-=-=-=-=-=-=-=-=-=-=-=-=-=-=-=-=-=-=-=-=-=-=-=-=-=-=-=-=-=-=-=-=-=-=-=-
2023-12-11 19:55:40|   7.5|  0.0|STATS |Exports1                                                                     4
2023-12-11 19:55:40|   7.5|  0.0|STATS |==============================================================================
2023-12-11 19:55:40|   7.5|  0.0|STATS |Total Features Written                                                       4
2023-12-11 19:55:40|   7.5|  0.0|STATS |=-=-=-=-=-=-=-=-=-=-=-=-=-=-=-=-=-=-=-=-=-=-=-=-=-=-=-=-=-=-=-=-=-=-=-=-=-=-=-
2023-12-11 19:55:40|   7.5|  0.0|WARN  |-~-~-~-~-~-~-~-~-~-~-~-~-~-~-~-~-~-~-~-~-~-~-~-~-~-~-~-~-~-~-~-~-~-~-~-~-~-~-~-~-
2023-12-11 19:55:40|   7.5|  0.0|WARN  |-~                                                                             ~-
2023-12-11 19:55:40|   7.5|  0.0|WARN  |-~    Feature caches have been recorded at every stage of the translation.     ~-
2023-12-11 19:55:40|   7.5|  0.0|WARN  |-~                      To inspect the recorded features,                      ~-
2023-12-11 19:55:40|   7.5|  0.0|WARN  |-~              click the feature cache icons next to the ports.               ~-
2023-12-11 19:55:40|   7.5|  0.0|WARN  |-~                                                                             ~-
2023-12-11 19:55:40|   7.5|  0.0|WARN  |-~-~-~-~-~-~-~-~-~-~-~-~-~-~-~-~-~-~-~-~-~-~-~-~-~-~-~-~-~-~-~-~-~-~-~-~-~-~-~-~-
2023-12-11 19:55:40|   7.5|  0.0|INFORM|Translation was SUCCESSFUL with 8 warning(s) (4 feature(s) output)
2023-12-11 19:55:40|   7.5|  0.0|INFORM|FME Session Duration: 10.6 seconds. (CPU: 4.0s user, 3.5s system)
2023-12-11 19:55:40|   7.5|  0.0|INFORM|END - ProcessID: 11968, peak process memory usage: 201404 kB, current process memory usage: 96400 kB
